<?xml version="1.0" encoding="UTF-8"?>
<!-- Generated by org.testng.reporters.JUnitXMLReporter -->
<testsuite ignored="0" hostname="DESKTOP-7IK5LDP" failures="0" tests="3" name="functions of chrome" time="13.658" errors="0" timestamp="2023-04-14T14:58:04 EDT">
  <testcase classname="amazonregression.signinamazon" name="Regression" time="0.006"/>
  <testcase classname="amazonregression.signinamazon" name="adhoc" time="0.002"/>
  <testcase classname="amazonregression.signinamazon" name="f" time="0.97"/>
</testsuite> <!-- functions of chrome -->
